#
# A fatal error has been detected by the Java Runtime Environment:
#
#  EXCEPTION_ACCESS_VIOLATION (0xc0000005) at pc=0x00000000743f2c10, pid=6484, tid=0x0000000000002c4c
#
# JRE version: OpenJDK Runtime Environment (8.0_202-b03) (build 1.8.0_202-release-1483-b03)
# Java VM: OpenJDK 64-Bit Server VM (25.202-b03 mixed mode windows-amd64 compressed oops)
# Problematic frame:
# V  [jvm.dll+0x4e2c10]
#
# Failed to write core dump. Minidumps are not enabled by default on client versions of Windows
#
# If you would like to submit a bug report, please visit:
#   http://bugreport.java.com/bugreport/crash.jsp
#

---------------  T H R E A D  ---------------

Current thread (0x0000000016609000):  JavaThread "C2 CompilerThread0" daemon [_thread_in_native, id=11340, stack(0x0000000017640000,0x0000000017740000)]

siginfo: ExceptionCode=0xc0000005, reading address 0x00000006000017e9

Registers:
RAX=0x00000006000017c9, RBX=0x0000000000000010, RCX=0x0000000017bdbed0, RDX=0x0000000000000000
RSP=0x000000001773c210, RBP=0x000000001773c310, RSI=0x0000000000000008, RDI=0x0000000017bdbed0
R8 =0x0000000000000019, R9 =0x00000000186110b0, R10=0x0000000000000002, R11=0x0000000000000008
R12=0x0000000000000001, R13=0x000000001773c900, R14=0x0000000018611000, R15=0x0000000000000000
RIP=0x00000000743f2c10, EFLAGS=0x0000000000010287

Top of Stack: (sp=0x000000001773c210)
0x000000001773c210:   00000000746a8c58 000000000000001a
0x000000001773c220:   000000000000001a 0000000000000007
0x000000001773c230:   000000000000195d 000000007437f26c
0x000000001773c240:   0000000000000000 0000000073fb9237
0x000000001773c250:   000000001773ecb0 0000000000007fe8
0x000000001773c260:   0000000000000007 00000000186110b0
0x000000001773c270:   0000000000000003 0000000000000003
0x000000001773c280:   0000000020946e60 0000000300000002
0x000000001773c290:   0000195900000000 000000001773c5e0
0x000000001773c2a0:   000000000000000f 0000000020886ad0
0x000000001773c2b0:   0000000000000000 0000195900000002
0x000000001773c2c0:   000000001773c5e0 000000000000000f
0x000000001773c2d0:   000000001c8bba70 0000000000001953
0x000000001773c2e0:   0000000020946e50 00000000205a7da0
0x000000001773c2f0:   ffffffffdf6b91b0 00000000000003d8
0x000000001773c300:   00000000205a8178 00000000205a7d90 

Instructions: (pc=0x00000000743f2c10)
0x00000000743f2bf0:   41 8b 59 28 ff cb 41 3b 59 18 73 0a 49 8b 41 20
0x00000000743f2c00:   48 8b 3c d8 eb 04 33 c0 8b f8 48 8b 07 48 8b cf
0x00000000743f2c10:   ff 50 20 4c 8b 4c 24 58 48 3b c7 74 04 41 2b 59
0x00000000743f2c20:   48 44 3b e3 77 66 45 3b 61 18 73 0a 49 8b 41 20 


Register to memory mapping:

RAX=0x00000006000017c9 is an unknown value
RBX=0x0000000000000010 is an unknown value
RCX=0x0000000017bdbed0 is an unknown value
RDX=0x0000000000000000 is an unknown value
RSP=0x000000001773c210 is pointing into the stack for thread: 0x0000000016609000
RBP=0x000000001773c310 is pointing into the stack for thread: 0x0000000016609000
RSI=0x0000000000000008 is an unknown value
RDI=0x0000000017bdbed0 is an unknown value
R8 =0x0000000000000019 is an unknown value
R9 =0x00000000186110b0 is an unknown value
R10=0x0000000000000002 is an unknown value
R11=0x0000000000000008 is an unknown value
R12=0x0000000000000001 is an unknown value
R13=0x000000001773c900 is pointing into the stack for thread: 0x0000000016609000
R14=0x0000000018611000 is an unknown value
R15=0x0000000000000000 is an unknown value


Stack: [0x0000000017640000,0x0000000017740000],  sp=0x000000001773c210,  free space=1008k
Native frames: (J=compiled Java code, j=interpreted, Vv=VM code, C=native code)
V  [jvm.dll+0x4e2c10]
V  [jvm.dll+0x436e32]
V  [jvm.dll+0x4419bb]
V  [jvm.dll+0x4442b8]
V  [jvm.dll+0x4273d2]
V  [jvm.dll+0x8215f]
V  [jvm.dll+0x82abf]
V  [jvm.dll+0x21db7f]
V  [jvm.dll+0x26f5ba]
C  [msvcr100.dll+0x21d9f]
C  [msvcr100.dll+0x21e3b]
C  [KERNEL32.DLL+0x17974]
C  [ntdll.dll+0x6a271]


Current CompileTask:
C2:1819764 13961   !   4       java.nio.file.FileTreeWalker::visit (204 bytes)


---------------  P R O C E S S  ---------------

Java Threads: ( => current thread )
  0x000000001914e800 JavaThread "Cache worker for Build Output Cleanup Cache (C:\Users\Jordain\AndroidStudioProjects\TicTacToe\.gradle\buildOutputCleanup)" [_thread_blocked, id=11432, stack(0x0000000023db0000,0x0000000023eb0000)]
  0x000000001869f000 JavaThread "Build operations Thread 2" [_thread_blocked, id=10112, stack(0x0000000023cb0000,0x0000000023db0000)]
  0x00000000186a5000 JavaThread "Build operations" [_thread_blocked, id=6176, stack(0x0000000023bb0000,0x0000000023cb0000)]
  0x00000000186a0800 JavaThread "Cache worker for cache directory md-rule (C:\Users\Jordain\.gradle\caches\5.4.1\md-rule)" [_thread_blocked, id=2736, stack(0x0000000023ab0000,0x0000000023bb0000)]
  0x00000000186a4800 JavaThread "Cache worker for cache directory md-supplier (C:\Users\Jordain\.gradle\caches\5.4.1\md-supplier)" [_thread_blocked, id=420, stack(0x00000000239b0000,0x0000000023ab0000)]
  0x00000000186a3000 JavaThread "Cache worker for file hash cache (C:\Users\Jordain\AndroidStudioProjects\TicTacToe\.gradle\5.4.1\fileHashes)" [_thread_blocked, id=2548, stack(0x00000000238b0000,0x00000000239b0000)]
  0x00000000186a0000 JavaThread "Thread-29" [_thread_blocked, id=11268, stack(0x00000000237b0000,0x00000000238b0000)]
  0x0000000018697800 JavaThread "Stdin handler" [_thread_blocked, id=7412, stack(0x00000000236b0000,0x00000000237b0000)]
  0x000000001869e800 JavaThread "Asynchronous log dispatcher for DefaultDaemonConnection: socket connection from /127.0.0.1:51847 to /127.0.0.1:51986" [_thread_blocked, id=11360, stack(0x00000000235b0000,0x00000000236b0000)]
  0x000000001869c800 JavaThread "Daemon worker Thread 2" [_thread_in_Java, id=12012, stack(0x00000000234b0000,0x00000000235b0000)]
  0x000000001869d800 JavaThread "Cancel handler" [_thread_blocked, id=9848, stack(0x00000000233b0000,0x00000000234b0000)]
  0x000000001869c000 JavaThread "Handler for socket connection from /127.0.0.1:51847 to /127.0.0.1:51986" [_thread_in_native, id=9572, stack(0x00000000232b0000,0x00000000233b0000)]
  0x000000001869a800 JavaThread "Daemon Thread 2" [_thread_blocked, id=6696, stack(0x00000000231b0000,0x00000000232b0000)]
  0x0000000018699000 JavaThread "Memory manager" [_thread_blocked, id=2680, stack(0x00000000212e0000,0x00000000213e0000)]
  0x0000000019154000 JavaThread "Cache worker for execution history cache (C:\Users\Jordain\.gradle\caches\5.4.1\executionHistory)" [_thread_blocked, id=7848, stack(0x000000001dc40000,0x000000001dd40000)]
  0x0000000019155800 JavaThread "Cache worker for journal cache (C:\Users\Jordain\.gradle\caches\journal-1)" [_thread_blocked, id=7092, stack(0x000000001aa90000,0x000000001ab90000)]
  0x0000000019150000 JavaThread "File lock request listener" [_thread_in_native, id=11976, stack(0x000000001a990000,0x000000001aa90000)]
  0x0000000019123000 JavaThread "Cache worker for file hash cache (C:\Users\Jordain\.gradle\caches\5.4.1\fileHashes)" [_thread_blocked, id=9352, stack(0x000000001a890000,0x000000001a990000)]
  0x0000000017a8b800 JavaThread "Daemon periodic checks" [_thread_blocked, id=8620, stack(0x0000000019f90000,0x000000001a090000)]
  0x0000000017f5e000 JavaThread "Incoming local TCP Connector on port 51847" [_thread_in_native, id=7396, stack(0x0000000019c50000,0x0000000019d50000)]
  0x0000000018895800 JavaThread "Daemon health stats" [_thread_blocked, id=8220, stack(0x0000000019610000,0x0000000019710000)]
  0x000000001667f800 JavaThread "Service Thread" daemon [_thread_blocked, id=3892, stack(0x0000000017840000,0x0000000017940000)]
  0x000000001662f000 JavaThread "C1 CompilerThread1" daemon [_thread_blocked, id=7924, stack(0x0000000017740000,0x0000000017840000)]
=>0x0000000016609000 JavaThread "C2 CompilerThread0" daemon [_thread_in_native, id=11340, stack(0x0000000017640000,0x0000000017740000)]
  0x0000000016607800 JavaThread "Attach Listener" daemon [_thread_blocked, id=12120, stack(0x0000000017540000,0x0000000017640000)]
  0x0000000016604800 JavaThread "Signal Dispatcher" daemon [_thread_blocked, id=9532, stack(0x0000000017440000,0x0000000017540000)]
  0x0000000002ecf800 JavaThread "Finalizer" daemon [_thread_blocked, id=1484, stack(0x0000000017240000,0x0000000017340000)]
  0x00000000165f7000 JavaThread "Reference Handler" daemon [_thread_blocked, id=12020, stack(0x0000000017140000,0x0000000017240000)]
  0x00000000014ae000 JavaThread "main" [_thread_blocked, id=12104, stack(0x0000000002ce0000,0x0000000002de0000)]

Other Threads:
  0x00000000165d5800 VMThread [stack: 0x0000000017040000,0x0000000017140000] [id=4868]
  0x0000000016683000 WatcherThread [stack: 0x0000000017940000,0x0000000017a40000] [id=8992]

VM state:not at safepoint (normal execution)

VM Mutex/Monitor currently owned by a thread: None

heap address: 0x00000000a0000000, size: 1536 MB, Compressed Oops mode: 32-bit
Narrow klass base: 0x0000000000000000, Narrow klass shift: 3
Compressed class space size: 1073741824 Address: 0x0000000100000000

Heap:
 PSYoungGen      total 485376K, used 303198K [0x00000000e0000000, 0x0000000100000000, 0x0000000100000000)
  eden space 463360K, 60% used [0x00000000e0000000,0x00000000f129aaa8,0x00000000fc480000)
  from space 22016K, 99% used [0x00000000fc480000,0x00000000fd9fcf88,0x00000000fda00000)
  to   space 31744K, 0% used [0x00000000fe100000,0x00000000fe100000,0x0000000100000000)
 ParOldGen       total 141824K, used 55061K [0x00000000a0000000, 0x00000000a8a80000, 0x00000000e0000000)
  object space 141824K, 38% used [0x00000000a0000000,0x00000000a35c54c8,0x00000000a8a80000)
 Metaspace       used 80815K, capacity 83865K, committed 84184K, reserved 1122304K
  class space    used 10239K, capacity 10889K, committed 11008K, reserved 1048576K

Card table byte_map: [0x00000000122a0000,0x00000000125b0000] byte_map_base: 0x0000000011da0000

Marking Bits: (ParMarkBitMap*) 0x00000000746d9f30
 Begin Bits: [0x00000000129b0000, 0x00000000141b0000)
 End Bits:   [0x00000000141b0000, 0x00000000159b0000)

Polling page: 0x0000000001010000

CodeCache: size=245760Kb used=39623Kb max_used=39623Kb free=206136Kb
 bounds [0x0000000002ee0000, 0x00000000055d0000, 0x0000000011ee0000]
 total_blobs=12515 nmethods=11652 adapters=776
 compilation: enabled

Compilation events (10 events):
Event: 1819.668 Thread 0x000000001662f000 14041   !   3       java.util.concurrent.locks.AbstractQueuedSynchronizer::acquireQueued (93 bytes)
Event: 1819.669 Thread 0x000000001662f000 nmethod 14041 0x00000000055c3150 code [0x00000000055c3380, 0x00000000055c3e98]
Event: 1819.716 Thread 0x000000001662f000 14042       3       org.gradle.util.Path::path (35 bytes)
Event: 1819.717 Thread 0x000000001662f000 nmethod 14042 0x00000000055c4510 code [0x00000000055c4700, 0x00000000055c50f8]
Event: 1819.738 Thread 0x000000001662f000 14043       3       org.gradle.launcher.daemon.server.exec.LogToClient$AsynchronousLogDispatcher$1::isMatchingBuildLogLevel (27 bytes)
Event: 1819.738 Thread 0x000000001662f000 nmethod 14043 0x00000000055c5510 code [0x00000000055c56a0, 0x00000000055c5ae8]
Event: 1819.739 Thread 0x000000001662f000 14044       1       org.gradle.api.internal.artifacts.ivyservice.DefaultLenientConfiguration::access$600 (5 bytes)
Event: 1819.739 Thread 0x000000001662f000 nmethod 14044 0x00000000055c5c10 code [0x00000000055c5d60, 0x00000000055c5e50]
Event: 1819.739 Thread 0x000000001662f000 14045       3       org.gradle.launcher.daemon.server.exec.LogToClient$AsynchronousLogDispatcher$1::onOutput (44 bytes)
Event: 1819.740 Thread 0x000000001662f000 nmethod 14045 0x00000000055c5ed0 code [0x00000000055c60c0, 0x00000000055c6b78]

GC Heap History (10 events):
Event: 101.982 GC heap before
{Heap before GC invocations=12 (full 2):
 PSYoungGen      total 339456K, used 331629K [0x00000000e0000000, 0x00000000f8b80000, 0x0000000100000000)
  eden space 324096K, 100% used [0x00000000e0000000,0x00000000f3c80000,0x00000000f3c80000)
  from space 15360K, 49% used [0x00000000f3c80000,0x00000000f43db6f0,0x00000000f4b80000)
  to   space 14848K, 0% used [0x00000000f7d00000,0x00000000f7d00000,0x00000000f8b80000)
 ParOldGen       total 98816K, used 19253K [0x00000000a0000000, 0x00000000a6080000, 0x00000000e0000000)
  object space 98816K, 19% used [0x00000000a0000000,0x00000000a12cd600,0x00000000a6080000)
 Metaspace       used 45495K, capacity 46556K, committed 46848K, reserved 1089536K
  class space    used 5766K, capacity 6019K, committed 6144K, reserved 1048576K
Event: 102.003 GC heap after
Heap after GC invocations=12 (full 2):
 PSYoungGen      total 390656K, used 8033K [0x00000000e0000000, 0x00000000f9a80000, 0x0000000100000000)
  eden space 375808K, 0% used [0x00000000e0000000,0x00000000e0000000,0x00000000f6f00000)
  from space 14848K, 54% used [0x00000000f7d00000,0x00000000f84d8448,0x00000000f8b80000)
  to   space 14336K, 0% used [0x00000000f6f00000,0x00000000f6f00000,0x00000000f7d00000)
 ParOldGen       total 98816K, used 19261K [0x00000000a0000000, 0x00000000a6080000, 0x00000000e0000000)
  object space 98816K, 19% used [0x00000000a0000000,0x00000000a12cf600,0x00000000a6080000)
 Metaspace       used 45495K, capacity 46556K, committed 46848K, reserved 1089536K
  class space    used 5766K, capacity 6019K, committed 6144K, reserved 1048576K
}
Event: 105.648 GC heap before
{Heap before GC invocations=13 (full 2):
 PSYoungGen      total 390656K, used 216866K [0x00000000e0000000, 0x00000000f9a80000, 0x0000000100000000)
  eden space 375808K, 55% used [0x00000000e0000000,0x00000000ecbf06e0,0x00000000f6f00000)
  from space 14848K, 54% used [0x00000000f7d00000,0x00000000f84d8448,0x00000000f8b80000)
  to   space 14336K, 0% used [0x00000000f6f00000,0x00000000f6f00000,0x00000000f7d00000)
 ParOldGen       total 98816K, used 19261K [0x00000000a0000000, 0x00000000a6080000, 0x00000000e0000000)
  object space 98816K, 19% used [0x00000000a0000000,0x00000000a12cf600,0x00000000a6080000)
 Metaspace       used 57237K, capacity 58945K, committed 59096K, reserved 1101824K
  class space    used 7291K, capacity 7680K, committed 7680K, reserved 1048576K
Event: 105.727 GC heap after
Heap after GC invocations=13 (full 2):
 PSYoungGen      total 390144K, used 14333K [0x00000000e0000000, 0x00000000fed80000, 0x0000000100000000)
  eden space 375808K, 0% used [0x00000000e0000000,0x00000000e0000000,0x00000000f6f00000)
  from space 14336K, 99% used [0x00000000f6f00000,0x00000000f7cff728,0x00000000f7d00000)
  to   space 19968K, 0% used [0x00000000fda00000,0x00000000fda00000,0x00000000fed80000)
 ParOldGen       total 98816K, used 29826K [0x00000000a0000000, 0x00000000a6080000, 0x00000000e0000000)
  object space 98816K, 30% used [0x00000000a0000000,0x00000000a1d209c0,0x00000000a6080000)
 Metaspace       used 57237K, capacity 58945K, committed 59096K, reserved 1101824K
  class space    used 7291K, capacity 7680K, committed 7680K, reserved 1048576K
}
Event: 105.727 GC heap before
{Heap before GC invocations=14 (full 3):
 PSYoungGen      total 390144K, used 14333K [0x00000000e0000000, 0x00000000fed80000, 0x0000000100000000)
  eden space 375808K, 0% used [0x00000000e0000000,0x00000000e0000000,0x00000000f6f00000)
  from space 14336K, 99% used [0x00000000f6f00000,0x00000000f7cff728,0x00000000f7d00000)
  to   space 19968K, 0% used [0x00000000fda00000,0x00000000fda00000,0x00000000fed80000)
 ParOldGen       total 98816K, used 29826K [0x00000000a0000000, 0x00000000a6080000, 0x00000000e0000000)
  object space 98816K, 30% used [0x00000000a0000000,0x00000000a1d209c0,0x00000000a6080000)
 Metaspace       used 57237K, capacity 58945K, committed 59096K, reserved 1101824K
  class space    used 7291K, capacity 7680K, committed 7680K, reserved 1048576K
Event: 106.113 GC heap after
Heap after GC invocations=14 (full 3):
 PSYoungGen      total 390144K, used 0K [0x00000000e0000000, 0x00000000fed80000, 0x0000000100000000)
  eden space 375808K, 0% used [0x00000000e0000000,0x00000000e0000000,0x00000000f6f00000)
  from space 14336K, 0% used [0x00000000f6f00000,0x00000000f6f00000,0x00000000f7d00000)
  to   space 19968K, 0% used [0x00000000fda00000,0x00000000fda00000,0x00000000fed80000)
 ParOldGen       total 141824K, used 37271K [0x00000000a0000000, 0x00000000a8a80000, 0x00000000e0000000)
  object space 141824K, 26% used [0x00000000a0000000,0x00000000a2465ed8,0x00000000a8a80000)
 Metaspace       used 57180K, capacity 58821K, committed 59096K, reserved 1101824K
  class space    used 7274K, capacity 7660K, committed 7680K, reserved 1048576K
}
Event: 239.798 GC heap before
{Heap before GC invocations=15 (full 3):
 PSYoungGen      total 390144K, used 375808K [0x00000000e0000000, 0x00000000fed80000, 0x0000000100000000)
  eden space 375808K, 100% used [0x00000000e0000000,0x00000000f6f00000,0x00000000f6f00000)
  from space 14336K, 0% used [0x00000000f6f00000,0x00000000f6f00000,0x00000000f7d00000)
  to   space 19968K, 0% used [0x00000000fda00000,0x00000000fda00000,0x00000000fed80000)
 ParOldGen       total 141824K, used 37271K [0x00000000a0000000, 0x00000000a8a80000, 0x00000000e0000000)
  object space 141824K, 26% used [0x00000000a0000000,0x00000000a2465ed8,0x00000000a8a80000)
 Metaspace       used 69658K, capacity 71745K, committed 71896K, reserved 1112064K
  class space    used 9124K, capacity 9618K, committed 9728K, reserved 1048576K
Event: 239.886 GC heap after
Heap after GC invocations=15 (full 3):
 PSYoungGen      total 483328K, used 18913K [0x00000000e0000000, 0x00000000ff300000, 0x0000000100000000)
  eden space 463360K, 0% used [0x00000000e0000000,0x00000000e0000000,0x00000000fc480000)
  from space 19968K, 94% used [0x00000000fda00000,0x00000000fec78520,0x00000000fed80000)
  to   space 22016K, 0% used [0x00000000fc480000,0x00000000fc480000,0x00000000fda00000)
 ParOldGen       total 141824K, used 37279K [0x00000000a0000000, 0x00000000a8a80000, 0x00000000e0000000)
  object space 141824K, 26% used [0x00000000a0000000,0x00000000a2467ed8,0x00000000a8a80000)
 Metaspace       used 69658K, capacity 71745K, committed 71896K, reserved 1112064K
  class space    used 9124K, capacity 9618K, committed 9728K, reserved 1048576K
}
Event: 283.190 GC heap before
{Heap before GC invocations=16 (full 3):
 PSYoungGen      total 483328K, used 482273K [0x00000000e0000000, 0x00000000ff300000, 0x0000000100000000)
  eden space 463360K, 100% used [0x00000000e0000000,0x00000000fc480000,0x00000000fc480000)
  from space 19968K, 94% used [0x00000000fda00000,0x00000000fec78520,0x00000000fed80000)
  to   space 22016K, 0% used [0x00000000fc480000,0x00000000fc480000,0x00000000fda00000)
 ParOldGen       total 141824K, used 37279K [0x00000000a0000000, 0x00000000a8a80000, 0x00000000e0000000)
  object space 141824K, 26% used [0x00000000a0000000,0x00000000a2467ed8,0x00000000a8a80000)
 Metaspace       used 73758K, capacity 76423K, committed 76760K, reserved 1116160K
  class space    used 9550K, capacity 10125K, committed 10240K, reserved 1048576K
Event: 284.115 GC heap after
Heap after GC invocations=16 (full 3):
 PSYoungGen      total 485376K, used 22003K [0x00000000e0000000, 0x0000000100000000, 0x0000000100000000)
  eden space 463360K, 0% used [0x00000000e0000000,0x00000000e0000000,0x00000000fc480000)
  from space 22016K, 99% used [0x00000000fc480000,0x00000000fd9fcf88,0x00000000fda00000)
  to   space 31744K, 0% used [0x00000000fe100000,0x00000000fe100000,0x0000000100000000)
 ParOldGen       total 141824K, used 55061K [0x00000000a0000000, 0x00000000a8a80000, 0x00000000e0000000)
  object space 141824K, 38% used [0x00000000a0000000,0x00000000a35c54c8,0x00000000a8a80000)
 Metaspace       used 73758K, capacity 76423K, committed 76760K, reserved 1116160K
  class space    used 9550K, capacity 10125K, committed 10240K, reserved 1048576K
}

Deoptimization events (10 events):
Event: 1815.431 Thread 0x000000001869c800 Uncommon trap: reason=unstable_if action=reinterpret pc=0x0000000004479df8 method=org.gradle.internal.file.DefaultFileHierarchySet$Node.isChildOfOrThis(Ljava/lang/String;I)Z @ 23
Event: 1815.432 Thread 0x000000001869c800 Uncommon trap: reason=unstable_if action=reinterpret pc=0x0000000003dc6718 method=org.gradle.internal.hash.HashCode.equals(Ljava/lang/Object;)Z @ 2
Event: 1816.359 Thread 0x000000001869c800 Uncommon trap: reason=unstable_if action=reinterpret pc=0x00000000030720c8 method=kotlin.jvm.internal.Intrinsics.areEqual(Ljava/lang/Object;Ljava/lang/Object;)Z @ 5
Event: 1817.953 Thread 0x000000001869c800 Uncommon trap: reason=speculate_class_check action=maybe_recompile pc=0x0000000004ead108 method=com.google.common.collect.AbstractIndexedListIterator.next()Ljava/lang/Object; @ 27
Event: 1817.953 Thread 0x000000001869c800 Uncommon trap: reason=speculate_class_check action=maybe_recompile pc=0x0000000004ead108 method=com.google.common.collect.AbstractIndexedListIterator.next()Ljava/lang/Object; @ 27
Event: 1817.953 Thread 0x000000001869c800 Uncommon trap: reason=speculate_class_check action=maybe_recompile pc=0x0000000004ead108 method=com.google.common.collect.AbstractIndexedListIterator.next()Ljava/lang/Object; @ 27
Event: 1817.953 Thread 0x000000001869c800 Uncommon trap: reason=speculate_class_check action=maybe_recompile pc=0x0000000004ead108 method=com.google.common.collect.AbstractIndexedListIterator.next()Ljava/lang/Object; @ 27
Event: 1818.688 Thread 0x000000001869c800 Uncommon trap: reason=unstable_if action=reinterpret pc=0x0000000004b62d94 method=kotlin.text.StringsKt__StringsKt.indexOf$default(Ljava/lang/CharSequence;CIZILjava/lang/Object;)I @ 4
Event: 1818.788 Thread 0x000000001869c800 Uncommon trap: reason=unstable_if action=reinterpret pc=0x0000000005375600 method=com.esotericsoftware.kryo.io.Input.readString()Ljava/lang/String; @ 38
Event: 1819.344 Thread 0x000000001869f000 Uncommon trap: reason=unstable_if action=reinterpret pc=0x00000000043e4ef4 method=java.util.concurrent.locks.AbstractQueuedSynchronizer.acquireQueued(Ljava/util/concurrent/locks/AbstractQueuedSynchronizer$Node;I)Z @ 17

Classes redefined (0 events):
No events

Internal exceptions (10 events):
Event: 1815.698 Thread 0x000000001869c800 Exception <a 'java/lang/ClassNotFoundException': sync_ng_build_script_classpath_6d3plkxzqdal6urewvqm4wi0vBeanInfo> (0x00000000ec34e3f8) thrown at [D:\src\AOSP-openjdk-cygwin\jdk8u\hotspot\src\share\vm\classfile\systemDictionary.cpp, line 210]
Event: 1815.698 Thread 0x000000001869c800 Exception <a 'java/lang/ClassNotFoundException': sync_ng_build_script_classpath_6d3plkxzqdal6urewvqm4wi0vCustomizer> (0x00000000ec35c7f8) thrown at [D:\src\AOSP-openjdk-cygwin\jdk8u\hotspot\src\share\vm\classfile\systemDictionary.cpp, line 210]
Event: 1815.979 Thread 0x000000001869c800 Exception <a 'java/lang/ClassNotFoundException': KaptModelBuilderPluginBeanInfo> (0x00000000ec42bc68) thrown at [D:\src\AOSP-openjdk-cygwin\jdk8u\hotspot\src\share\vm\classfile\systemDictionary.cpp, line 210]
Event: 1815.989 Thread 0x000000001869c800 Exception <a 'java/lang/ClassNotFoundException': KaptModelBuilderPluginCustomizer> (0x00000000ec4369d8) thrown at [D:\src\AOSP-openjdk-cygwin\jdk8u\hotspot\src\share\vm\classfile\systemDictionary.cpp, line 210]
Event: 1815.994 Thread 0x000000001869c800 Exception <a 'java/lang/ClassNotFoundException': KaptModelBuilderBeanInfo> (0x00000000ec46b560) thrown at [D:\src\AOSP-openjdk-cygwin\jdk8u\hotspot\src\share\vm\classfile\systemDictionary.cpp, line 210]
Event: 1815.994 Thread 0x000000001869c800 Exception <a 'java/lang/ClassNotFoundException': KaptModelBuilderCustomizer> (0x00000000ec476040) thrown at [D:\src\AOSP-openjdk-cygwin\jdk8u\hotspot\src\share\vm\classfile\systemDictionary.cpp, line 210]
Event: 1815.999 Thread 0x000000001869c800 Exception <a 'java/lang/ClassNotFoundException': BuildScriptClasspathModelBuilderPluginBeanInfo> (0x00000000ec58a758) thrown at [D:\src\AOSP-openjdk-cygwin\jdk8u\hotspot\src\share\vm\classfile\systemDictionary.cpp, line 210]
Event: 1816.000 Thread 0x000000001869c800 Exception <a 'java/lang/ClassNotFoundException': BuildScriptClasspathModelBuilderPluginCustomizer> (0x00000000ec595b50) thrown at [D:\src\AOSP-openjdk-cygwin\jdk8u\hotspot\src\share\vm\classfile\systemDictionary.cpp, line 210]
Event: 1816.019 Thread 0x000000001869c800 Exception <a 'java/lang/ClassNotFoundException': BuildScriptClasspathModelBuilderBeanInfo> (0x00000000ec5cdf08) thrown at [D:\src\AOSP-openjdk-cygwin\jdk8u\hotspot\src\share\vm\classfile\systemDictionary.cpp, line 210]
Event: 1816.020 Thread 0x000000001869c800 Exception <a 'java/lang/ClassNotFoundException': BuildScriptClasspathModelBuilderCustomizer> (0x00000000ec5d9098) thrown at [D:\src\AOSP-openjdk-cygwin\jdk8u\hotspot\src\share\vm\classfile\systemDictionary.cpp, line 210]

Events (10 events):
Event: 1819.344 Thread 0x000000001869f000 DEOPT PACKING pc=0x00000000043e4ef4 sp=0x0000000023daec30
Event: 1819.344 Thread 0x000000001869f000 DEOPT UNPACKING pc=0x0000000002f2557b sp=0x0000000023daebb0 mode 2
Event: 1819.438 loading class com/google/common/base/Equivalence$1
Event: 1819.438 loading class com/google/common/base/Equivalence$1 done
Event: 1819.481 Executing VM operation: RevokeBias
Event: 1819.481 Executing VM operation: RevokeBias done
Event: 1819.482 Executing VM operation: RevokeBias
Event: 1819.482 Executing VM operation: RevokeBias done
Event: 1819.496 Executing VM operation: RevokeBias
Event: 1819.496 Executing VM operation: RevokeBias done


Dynamic libraries:
0x00007ff756b80000 - 0x00007ff756bb1000 	C:\Program Files\Android\Android Studio\jre\bin\java.exe
0x00007ffae3d90000 - 0x00007ffae3f7d000 	C:\Windows\SYSTEM32\ntdll.dll
0x00007ffae32a0000 - 0x00007ffae3353000 	C:\Windows\System32\KERNEL32.DLL
0x00007ffae0b20000 - 0x00007ffae0db3000 	C:\Windows\System32\KERNELBASE.dll
0x00007ffae3ca0000 - 0x00007ffae3d43000 	C:\Windows\System32\ADVAPI32.dll
0x00007ffae2a60000 - 0x00007ffae2afe000 	C:\Windows\System32\msvcrt.dll
0x00007ffae3060000 - 0x00007ffae30fe000 	C:\Windows\System32\sechost.dll
0x00007ffae2e60000 - 0x00007ffae2f82000 	C:\Windows\System32\RPCRT4.dll
0x00007ffae0fb0000 - 0x00007ffae1147000 	C:\Windows\System32\USER32.dll
0x00007ffae0f40000 - 0x00007ffae0f60000 	C:\Windows\System32\win32u.dll
0x00007ffae2b00000 - 0x00007ffae2b29000 	C:\Windows\System32\GDI32.dll
0x00007ffadfe50000 - 0x00007ffadffe9000 	C:\Windows\System32\gdi32full.dll
0x00007ffae0dc0000 - 0x00007ffae0e60000 	C:\Windows\System32\msvcp_win.dll
0x00007ffae09c0000 - 0x00007ffae0aba000 	C:\Windows\System32\ucrtbase.dll
0x00007ffad2d00000 - 0x00007ffad2f79000 	C:\Windows\WinSxS\amd64_microsoft.windows.common-controls_6595b64144ccf1df_6.0.17763.914_none_05b346b2072102f2\COMCTL32.dll
0x00007ffae33c0000 - 0x00007ffae36ec000 	C:\Windows\System32\combase.dll
0x00007ffae0940000 - 0x00007ffae09be000 	C:\Windows\System32\bcryptPrimitives.dll
0x00007ffae2980000 - 0x00007ffae29ae000 	C:\Windows\System32\IMM32.DLL
0x0000000074ce0000 - 0x0000000074db2000 	C:\Program Files\Android\Android Studio\jre\jre\bin\msvcr100.dll
0x0000000073f10000 - 0x0000000074756000 	C:\Program Files\Android\Android Studio\jre\jre\bin\server\jvm.dll
0x00007ffae3160000 - 0x00007ffae3168000 	C:\Windows\System32\PSAPI.DLL
0x00007ffadbcc0000 - 0x00007ffadbcc9000 	C:\Windows\SYSTEM32\WSOCK32.dll
0x00007ffae2910000 - 0x00007ffae297d000 	C:\Windows\System32\WS2_32.dll
0x00007ffadd510000 - 0x00007ffadd534000 	C:\Windows\SYSTEM32\WINMM.dll
0x00007ffada970000 - 0x00007ffada97a000 	C:\Windows\SYSTEM32\VERSION.dll
0x00007ffadd4e0000 - 0x00007ffadd50d000 	C:\Windows\SYSTEM32\WINMMBASE.dll
0x00007ffae0f60000 - 0x00007ffae0faa000 	C:\Windows\System32\cfgmgr32.dll
0x00007fface3b0000 - 0x00007fface3bf000 	C:\Program Files\Android\Android Studio\jre\jre\bin\verify.dll
0x00007ffacdf60000 - 0x00007ffacdf89000 	C:\Program Files\Android\Android Studio\jre\jre\bin\java.dll
0x00007ffacc640000 - 0x00007ffacc656000 	C:\Program Files\Android\Android Studio\jre\jre\bin\zip.dll
0x00007ffae12c0000 - 0x00007ffae27b4000 	C:\Windows\System32\SHELL32.dll
0x00007ffae29b0000 - 0x00007ffae2a58000 	C:\Windows\System32\shcore.dll
0x00007ffae01f0000 - 0x00007ffae093d000 	C:\Windows\System32\windows.storage.dll
0x00007ffadfdc0000 - 0x00007ffadfde4000 	C:\Windows\System32\profapi.dll
0x00007ffadfdf0000 - 0x00007ffadfe4d000 	C:\Windows\System32\powrprof.dll
0x00007ffae3360000 - 0x00007ffae33b2000 	C:\Windows\System32\shlwapi.dll
0x00007ffadfd80000 - 0x00007ffadfd91000 	C:\Windows\System32\kernel.appcore.dll
0x00007ffadfff0000 - 0x00007ffae0007000 	C:\Windows\System32\cryptsp.dll
0x00007ffaca850000 - 0x00007ffaca86a000 	C:\Program Files\Android\Android Studio\jre\jre\bin\net.dll
0x00007ffadf320000 - 0x00007ffadf387000 	C:\Windows\system32\mswsock.dll
0x00007ffaca830000 - 0x00007ffaca841000 	C:\Program Files\Android\Android Studio\jre\jre\bin\nio.dll
0x00007ffac9e70000 - 0x00007ffac9e96000 	C:\Users\Jordain\.gradle\native\29\windows-amd64\native-platform.dll
0x00007ffacdde0000 - 0x00007ffacdded000 	C:\Program Files\Android\Android Studio\jre\jre\bin\management.dll
0x00007ffadedb0000 - 0x00007ffadede3000 	C:\Windows\system32\rsaenh.dll
0x00007ffae0e60000 - 0x00007ffae0e86000 	C:\Windows\System32\bcrypt.dll
0x00007ffadfc80000 - 0x00007ffadfca8000 	C:\Windows\SYSTEM32\USERENV.dll
0x00007ffadf4f0000 - 0x00007ffadf4fc000 	C:\Windows\SYSTEM32\CRYPTBASE.dll
0x00007ffadef50000 - 0x00007ffadef8d000 	C:\Windows\SYSTEM32\IPHLPAPI.DLL
0x00007ffae3d50000 - 0x00007ffae3d58000 	C:\Windows\System32\NSI.dll
0x00007ffad6240000 - 0x00007ffad6256000 	C:\Windows\SYSTEM32\dhcpcsvc6.DLL
0x00007ffad66b0000 - 0x00007ffad66cc000 	C:\Windows\SYSTEM32\dhcpcsvc.DLL
0x00007ffadefa0000 - 0x00007ffadf066000 	C:\Windows\SYSTEM32\DNSAPI.dll
0x00007ffac9db0000 - 0x00007ffac9dd4000 	C:\Program Files\Android\Android Studio\jre\jre\bin\sunec.dll
0x00007ffad14c0000 - 0x00007ffad14ca000 	C:\Windows\System32\rasadhlp.dll
0x00007ffad14d0000 - 0x00007ffad1549000 	C:\Windows\System32\fwpuclnt.dll
0x00007ffacbce0000 - 0x00007ffacbceb000 	C:\Program Files\Android\Android Studio\jre\jre\bin\sunmscapi.dll
0x00007ffae0010000 - 0x00007ffae01eb000 	C:\Windows\System32\CRYPT32.dll
0x00007ffadfda0000 - 0x00007ffadfdb2000 	C:\Windows\System32\MSASN1.dll
0x00007ffadf710000 - 0x00007ffadf8fd000 	C:\Windows\SYSTEM32\dbghelp.dll

VM Arguments:
jvm_args: -Xmx1536m -Dfile.encoding=windows-1252 -Duser.country=CA -Duser.language=en -Duser.variant 
java_command: org.gradle.launcher.daemon.bootstrap.GradleDaemon 5.4.1
java_class_path (initial): C:\Users\Jordain\.gradle\wrapper\dists\gradle-5.4.1-all\3221gyojl5jsh0helicew7rwx\gradle-5.4.1\lib\gradle-launcher-5.4.1.jar
Launcher Type: SUN_STANDARD

Environment Variables:
PATH=C:\Program Files (x86)\Common Files\Oracle\Java\javapath;C:\ProgramData\Oracle\Java\javapath;C:\Windows\system32;C:\Windows;C:\Windows\System32\Wbem;C:\Windows\System32\WindowsPowerShell\v1.0\;C:\Windows\System32\OpenSSH\;C:\Program Files (x86)\NVIDIA Corporation\PhysX\Common;C:\Program Files\NVIDIA Corporation\NVIDIA NvDLISR;C:\Users\Jordain\AppData\Local\Microsoft\WindowsApps;
USERNAME=Jordain
OS=Windows_NT
PROCESSOR_IDENTIFIER=Intel64 Family 6 Model 23 Stepping 10, GenuineIntel



---------------  S Y S T E M  ---------------

OS: Windows 10.0 , 64 bit Build 17763 (10.0.17763.475)

CPU:total 2 (initial active 2) (2 cores per cpu, 1 threads per core) family 6 model 23 stepping 10, cmov, cx8, fxsr, mmx, sse, sse2, sse3, ssse3, sse4.1, tsc

Memory: 4k page, physical 8387688k(3263308k free), swap 10746984k(2466116k free)

vm_info: OpenJDK 64-Bit Server VM (25.202-b03) for windows-amd64 JRE (1.8.0_202-release-1483-b03), built by "builder" with MS VC++ 10.0 (VS2010)

time: Mon Jan 13 20:28:35 2020
timezone: Eastern Standard Time
elapsed time: 1819 seconds (0d 0h 30m 19s)

